<?xml version="1.0" encoding="UTF-8"?>
<coverage generated="1536870592431" clover="3.2.0">
  <project timestamp="1536870592432" name="All files">
    <metrics statements="1" coveredstatements="1" conditionals="0" coveredconditionals="0" methods="1" coveredmethods="1" elements="2" coveredelements="2" complexity="0" loc="1" ncloc="1" packages="1" files="1" classes="1">
      <file name="sum.js" path="/Users/lucachaves/code/github/ifpb/javascript-guide/packages/test/unit-test-jest/lib/sum.js">
        <metrics statements="1" coveredstatements="1" conditionals="0" coveredconditionals="0" methods="1" coveredmethods="1"/>
        <line num="2" count="2" type="stmt"/>
      </file>
    </metrics>
  </project>
</coverage>
